<?xml version="1.0" encoding="UTF-8"?>
<!-- Generated by org.testng.reporters.JUnitReportReporter -->
<testsuite hostname="DESKTOP-RLOH39C" name="testCases.NewUserCreationTest" tests="1" failures="0" timestamp="26 Dec 2017 05:22:09 GMT" time="9.884" errors="0">
  <testcase name="createNewUser" time="9.884" classname="testCases.NewUserCreationTest"/>
</testsuite> <!-- testCases.NewUserCreationTest -->
