<?xml version="1.0" encoding="UTF-8"?>
<!-- Generated by org.testng.reporters.JUnitReportReporter -->
<testsuite hostname="DESKTOP-RLOH39C" name="testCases.UserCreationProductCreationAndSearches" tests="4" failures="0" timestamp="28 Dec 2017 13:28:18 GMT" time="40.384" errors="0">
  <testcase name="createNewUser" time="10.388" classname="testCases.UserCreationProductCreationAndSearches"/>
  <testcase name="createNewProduct" time="9.555" classname="testCases.UserCreationProductCreationAndSearches"/>
  <testcase name="searchFeaturedProduct" time="11.182" classname="testCases.UserCreationProductCreationAndSearches"/>
  <testcase name="customerSearchWithFilters" time="9.259" classname="testCases.UserCreationProductCreationAndSearches"/>
</testsuite> <!-- testCases.UserCreationProductCreationAndSearches -->
