<?xml version="1.0" encoding="UTF-8"?>
<!-- Generated by org.testng.reporters.JUnitReportReporter -->
<testsuite hostname="DESKTOP-RLOH39C" name="testCases.UserCreationAndSearchTests" tests="2" failures="0" timestamp="27 Dec 2017 07:06:45 GMT" time="20.983" errors="0">
  <testcase name="customerSearchWithFilters" time="10.522" classname="testCases.UserCreationAndSearchTests"/>
  <testcase name="createNewUser" time="10.461" classname="testCases.UserCreationAndSearchTests"/>
</testsuite> <!-- testCases.UserCreationAndSearchTests -->
